# JRE version: Java(TM) SE Runtime Environment (20.0.1+9) (build 20.0.1+9-29)
# Java VM: Java HotSpot(TM) 64-Bit Server VM (20.0.1+9-29, mixed mode, sharing, tiered, compressed oops, compressed class ptrs, g1 gc, windows-amd64)
GC Precious Log:
 CardTable entry size: 512
 Card Set container configuration: InlinePtr #cards 5 size 8 Array Of Cards #cards 12 size 40 Howl #buckets 4 coarsen threshold 1843 Howl Bitmap #cards 512 size 80 coarsen threshold 460 Card regions per heap region 1 cards per card region 2048
 CPUs: 12 total, 12 available
 Memory: 7893M
 Large Page Support: Disabled
 NUMA Support: Disabled
 Compressed Oops: Enabled (32-bit)
 Heap Region Size: 1M
 Heap Min Capacity: 8M
 Heap Initial Capacity: 124M
 Heap Max Capacity: 2G
 Pre-touch: Disabled
 Parallel Workers: 10
 Concurrent Workers: 3
 Concurrent Refinement Workers: 10
 Periodic GC: Disabled
Heap:
 garbage-first heap   total 120832K, used 77639K [0x0000000080000000, 0x0000000100000000)
  region size 1024K, 18 young (18432K), 5 survivors (5120K)
 Metaspace       used 64352K, committed 66368K, reserved 487424K
  class space    used 9169K, committed 10176K, reserved 421888K
GC Heap History (20 events):
Event: 3.447 GC heap before
{Heap before GC invocations=4 (full 0):
 garbage-first heap   total 126976K, used 43417K [0x0000000080000000, 0x0000000100000000)
  region size 1024K, 30 young (30720K), 10 survivors (10240K)
 Metaspace       used 20837K, committed 21504K, reserved 487424K
  class space    used 2981K, committed 3264K, reserved 421888K
}
Event: 3.453 GC heap after
{Heap after GC invocations=5 (full 0):
 garbage-first heap   total 126976K, used 26002K [0x0000000080000000, 0x0000000100000000)
  region size 1024K, 3 young (3072K), 3 survivors (3072K)
 Metaspace       used 20837K, committed 21504K, reserved 487424K
  class space    used 2981K, committed 3264K, reserved 421888K
}
Event: 4.262 GC heap before
{Heap before GC invocations=6 (full 0):
 garbage-first heap   total 96256K, used 80274K [0x0000000080000000, 0x0000000100000000)
  region size 1024K, 56 young (57344K), 3 survivors (3072K)
 Metaspace       used 27485K, committed 28672K, reserved 487424K
  class space    used 4090K, committed 4672K, reserved 421888K
}
Event: 4.265 GC heap after
{Heap after GC invocations=7 (full 0):
 garbage-first heap   total 115712K, used 28372K [0x0000000080000000, 0x0000000100000000)
  region size 1024K, 5 young (5120K), 5 survivors (5120K)
 Metaspace       used 27485K, committed 28672K, reserved 487424K
  class space    used 4090K, committed 4672K, reserved 421888K
}
Event: 5.055 GC heap before
{Heap before GC invocations=7 (full 0):
 garbage-first heap   total 115712K, used 80596K [0x0000000080000000, 0x0000000100000000)
  region size 1024K, 58 young (59392K), 5 survivors (5120K)
 Metaspace       used 34742K, committed 35968K, reserved 487424K
  class space    used 4921K, committed 5568K, reserved 421888K
}
Event: 5.061 GC heap after
{Heap after GC invocations=8 (full 0):
 garbage-first heap   total 115712K, used 33295K [0x0000000080000000, 0x0000000100000000)
  region size 1024K, 9 young (9216K), 9 survivors (9216K)
 Metaspace       used 34742K, committed 35968K, reserved 487424K
  class space    used 4921K, committed 5568K, reserved 421888K
}
Event: 5.122 GC heap before
{Heap before GC invocations=8 (full 0):
 garbage-first heap   total 115712K, used 35343K [0x0000000080000000, 0x0000000100000000)
  region size 1024K, 12 young (12288K), 9 survivors (9216K)
 Metaspace       used 35052K, committed 36288K, reserved 487424K
  class space    used 4964K, committed 5632K, reserved 421888K
}
Event: 5.127 GC heap after
{Heap after GC invocations=9 (full 0):
 garbage-first heap   total 115712K, used 33691K [0x0000000080000000, 0x0000000100000000)
  region size 1024K, 6 young (6144K), 6 survivors (6144K)
 Metaspace       used 35052K, committed 36288K, reserved 487424K
  class space    used 4964K, committed 5632K, reserved 421888K
}
Event: 6.323 GC heap before
{Heap before GC invocations=10 (full 0):
 garbage-first heap   total 115712K, used 100251K [0x0000000080000000, 0x0000000100000000)
  region size 1024K, 67 young (68608K), 6 survivors (6144K)
 Metaspace       used 39935K, committed 41408K, reserved 487424K
  class space    used 5635K, committed 6400K, reserved 421888K
}
Event: 6.327 GC heap after
{Heap after GC invocations=11 (full 0):
 garbage-first heap   total 115712K, used 37298K [0x0000000080000000, 0x0000000100000000)
  region size 1024K, 9 young (9216K), 9 survivors (9216K)
 Metaspace       used 39935K, committed 41408K, reserved 487424K
  class space    used 5635K, committed 6400K, reserved 421888K
}
Event: 9.562 GC heap before
{Heap before GC invocations=11 (full 0):
 garbage-first heap   total 115712K, used 97714K [0x0000000080000000, 0x0000000100000000)
  region size 1024K, 67 young (68608K), 9 survivors (9216K)
 Metaspace       used 46839K, committed 48448K, reserved 487424K
  class space    used 6628K, committed 7424K, reserved 421888K
}
Event: 9.569 GC heap after
{Heap after GC invocations=12 (full 0):
 garbage-first heap   total 115712K, used 40336K [0x0000000080000000, 0x0000000100000000)
  region size 1024K, 8 young (8192K), 8 survivors (8192K)
 Metaspace       used 46839K, committed 48448K, reserved 487424K
  class space    used 6628K, committed 7424K, reserved 421888K
}
Event: 13.364 GC heap before
{Heap before GC invocations=12 (full 0):
 garbage-first heap   total 115712K, used 99728K [0x0000000080000000, 0x0000000100000000)
  region size 1024K, 66 young (67584K), 8 survivors (8192K)
 Metaspace       used 54105K, committed 55936K, reserved 487424K
  class space    used 7712K, committed 8640K, reserved 421888K
}
Event: 13.372 GC heap after
{Heap after GC invocations=13 (full 0):
 garbage-first heap   total 115712K, used 42870K [0x0000000080000000, 0x0000000100000000)
  region size 1024K, 6 young (6144K), 6 survivors (6144K)
 Metaspace       used 54105K, committed 55936K, reserved 487424K
  class space    used 7712K, committed 8640K, reserved 421888K
}
Event: 14.730 GC heap before
{Heap before GC invocations=13 (full 0):
 garbage-first heap   total 115712K, used 102262K [0x0000000080000000, 0x0000000100000000)
  region size 1024K, 64 young (65536K), 6 survivors (6144K)
 Metaspace       used 58124K, committed 60032K, reserved 487424K
  class space    used 8280K, committed 9280K, reserved 421888K
}
Event: 14.737 GC heap after
{Heap after GC invocations=14 (full 0):
 garbage-first heap   total 115712K, used 48276K [0x0000000080000000, 0x0000000100000000)
  region size 1024K, 8 young (8192K), 8 survivors (8192K)
 Metaspace       used 58124K, committed 60032K, reserved 487424K
  class space    used 8280K, committed 9280K, reserved 421888K
}
Event: 14.861 GC heap before
{Heap before GC invocations=14 (full 0):
 garbage-first heap   total 115712K, used 54420K [0x0000000080000000, 0x0000000100000000)
  region size 1024K, 15 young (15360K), 8 survivors (8192K)
 Metaspace       used 58700K, committed 60608K, reserved 487424K
  class space    used 8378K, committed 9344K, reserved 421888K
}
Event: 14.866 GC heap after
{Heap after GC invocations=15 (full 0):
 garbage-first heap   total 115712K, used 49491K [0x0000000080000000, 0x0000000100000000)
  region size 1024K, 2 young (2048K), 2 survivors (2048K)
 Metaspace       used 58700K, committed 60608K, reserved 487424K
  class space    used 8378K, committed 9344K, reserved 421888K
}
Event: 18.004 GC heap before
{Heap before GC invocations=16 (full 0):
 garbage-first heap   total 115712K, used 114003K [0x0000000080000000, 0x0000000100000000)
  region size 1024K, 53 young (54272K), 2 survivors (2048K)
 Metaspace       used 63425K, committed 65472K, reserved 487424K
  class space    used 9041K, committed 10048K, reserved 421888K
}
Event: 18.007 GC heap after
{Heap after GC invocations=17 (full 0):
 garbage-first heap   total 120832K, used 65351K [0x0000000080000000, 0x0000000100000000)
  region size 1024K, 5 young (5120K), 5 survivors (5120K)
 Metaspace       used 63425K, committed 65472K, reserved 487424K
  class space    used 9041K, committed 10048K, reserved 421888K
}

